<?xml version="1.0" encoding="UTF-8"?>
<!-- Generated by org.testng.reporters.JUnitReportReporter -->
<testsuite hostname="LAPTOP-7HI15OLC" failures="0" tests="1" name="OrangeHRM.MainTest" time="26.341" errors="0" timestamp="2025-04-11T15:25:56 IST" skipped="0">
  <testcase classname="OrangeHRM.MainTest" name="TestFeatures" time="26.341"/>
</testsuite> <!-- OrangeHRM.MainTest -->
